2025-05-12 07:49:54,252 - semgrep.notifications - WARNING - METRICS: Using configs from the Registry (like --config=p/ci) reports pseudonymous rule metrics to semgrep.dev.
To disable Registry rule metrics, use "--metrics=off".
Using configs only from local files (like --config=xyz.yml) does not enable metrics.

More information: https://semgrep.dev/docs/metrics

2025-05-12 07:49:54,253 - semgrep.run_scan - DEBUG - semgrep version 1.2.0
2025-05-12 07:49:54,257 - semgrep.git - DEBUG - Failed to get project url from 'git ls-remote': Command failed with exit code: 128
-----
Command failed with output:
fatal: No remote configured to list refs from.


Failed to run 'git ls-remote --get-url'. Possible reasons:

- the git binary is not available
- the current working directory is not a git repository
- the baseline commit is not a parent of the current commit
    (if you are running through semgrep-app, check if you are setting `SEMGREP_BRANCH` or `SEMGREP_BASELINE_COMMIT` properly)
- the current working directory is not marked as safe
    (fix with `git config --global --add safe.directory $(pwd)`)

Try running the command yourself to debug the issue.
2025-05-12 07:49:54,258 - semgrep.config_resolver - DEBUG - Loading local config from /home/runner/workspace/.config/.semgrep/semgrep_rules.json
2025-05-12 07:49:54,260 - semgrep.config_resolver - DEBUG - Done loading local config from /home/runner/workspace/.config/.semgrep/semgrep_rules.json
2025-05-12 07:49:54,263 - semgrep.config_resolver - DEBUG - Saving rules to /tmp/semgrep-j3stxnlj.rules
2025-05-12 07:49:54,541 - semgrep.semgrep_core - DEBUG - Failed to open resource semgrep-core-proprietary: [Errno 2] No such file or directory: '/tmp/_MEIsOHvRB/semgrep/bin/semgrep-core-proprietary'.
2025-05-12 07:49:55,289 - semgrep.rule_lang - DEBUG - semgrep-core validation response: valid=True
2025-05-12 07:49:55,289 - semgrep.rule_lang - DEBUG - semgrep-core validation succeeded
2025-05-12 07:49:55,289 - semgrep.rule_lang - DEBUG - RPC validation succeeded
2025-05-12 07:49:55,290 - semgrep.config_resolver - DEBUG - loaded 1 configs in 1.0322825908660889
2025-05-12 07:49:55,513 - semgrep.run_scan - VERBOSE - running 1250 rules from 1 config /home/runner/workspace/.config/.semgrep/semgrep_rules.json_0
2025-05-12 07:49:55,513 - semgrep.run_scan - VERBOSE - No .semgrepignore found. Using default .semgrepignore rules. See the docs for the list of default ignores: https://semgrep.dev/docs/cli-usage/#ignore-files
2025-05-12 07:49:55,516 - semgrep.run_scan - VERBOSE - Rules:
2025-05-12 07:49:55,516 - semgrep.run_scan - VERBOSE - <SKIPPED DATA (too many entries; use --max-log-list-entries)>
2025-05-12 07:49:56,051 - semgrep.core_runner - DEBUG - Passing whole rules directly to semgrep_core
2025-05-12 07:49:56,272 - semgrep.core_runner - DEBUG - Running Semgrep engine with command:
2025-05-12 07:49:56,272 - semgrep.core_runner - DEBUG - /tmp/_MEIsOHvRB/semgrep/bin/opengrep-core -json -rules /tmp/tmpcgh3ne8_.json -j 8 -targets /tmp/tmpshh4nyw5 -timeout 5 -timeout_threshold 3 -max_memory 0 -fast
2025-05-12 07:50:00,862 - semgrep.core_runner - DEBUG - --- semgrep-core stderr ---
[00.07][[34mINFO[0m]: Executed as: /tmp/_MEIsOHvRB/semgrep/bin/opengrep-core -json -rules /tmp/tmpcgh3ne8_.json -j 8 -targets /tmp/tmpshh4nyw5 -timeout 5 -timeout_threshold 3 -max_memory 0 -fast
[00.07][[34mINFO[0m]: Version: 1.2.0
[00.07][[34mINFO[0m]: Parsing rules in /tmp/tmpcgh3ne8_.json
[00.87][[34mINFO[0m]: scan: processing 362 files (skipping 0), with 487 rules (skipping 0 )
[04.55][[34mINFO[0m]: Custom ignore pattern: None
[04.55][[34mINFO[0m]: Custom ignore pattern: None
--- end semgrep-core stderr ---
2025-05-12 07:50:00,872 - semgrep.rule_match - DEBUG - match_key = ('', PosixPath('client/index.html'), 'config..semgrep.vendored-rules.html.security.audit.missing-integrity') match_id = 0ee74fd49637bebe183eca7188dbde26e386314e62cc2e7ba1ee60b377b638243fcd84e6c6fa04886198ccacfa6a711bfbcc61a28f9ddc913d5b3c53083cbc90_0
2025-05-12 07:50:00,873 - semgrep.rule_match - DEBUG - match_key = (' src="https://unpkg.com/heroicons@2.0.18/24/outline/esm/index.js" (?is).*integrity= (google-analytics\\.com|fonts\\.googleapis\\.com|fonts\\.gstatic\\.com|googletagmanager\\.com) .*rel\\s*=\\s*[\'"]?preconnect.* href="... :// ..." href="//..." href=\'... :// ...\' href=\'//...\' src="... :// ..." src="//..." src=\'... :// ...\' src=\'//...\' <link  src="https://unpkg.com/heroicons@2.0.18/24/outline/esm/index.js" > <script  src="https://unpkg.com/heroicons@2.0.18/24/outline/esm/index.js" >...</script>', PosixPath('client/index.html'), 'config..semgrep.vendored-rules.html.security.audit.missing-integrity') match_id = f2ff74ef1dc438c1e77c09c985851545a9c29a5f991e18487e5a1faa8bffdfc5b08b735afc35099a7b3b441411b19fde073f53a3ce8deac85e9b28be37c919f5_0
2025-05-12 07:50:00,873 - semgrep.rule_match - DEBUG - match_key = (' src="https://unpkg.com/heroicons@2.0.18/24/outline/esm/index.js" (?is).*integrity= (google-analytics\\.com|fonts\\.googleapis\\.com|fonts\\.gstatic\\.com|googletagmanager\\.com) .*rel\\s*=\\s*[\'"]?preconnect.* href="... :// ..." href="//..." href=\'... :// ...\' href=\'//...\' src="... :// ..." src="//..." src=\'... :// ...\' src=\'//...\' <link  src="https://unpkg.com/heroicons@2.0.18/24/outline/esm/index.js" > <script  src="https://unpkg.com/heroicons@2.0.18/24/outline/esm/index.js" >...</script>', PosixPath('client/index.html'), 'config..semgrep.vendored-rules.html.security.audit.missing-integrity') match_id = f2ff74ef1dc438c1e77c09c985851545a9c29a5f991e18487e5a1faa8bffdfc5b08b735afc35099a7b3b441411b19fde073f53a3ce8deac85e9b28be37c919f5_0
2025-05-12 07:50:00,874 - semgrep.rule_match - DEBUG - match_key = (' src="https://unpkg.com/heroicons@2.0.18/24/outline/esm/index.js" (?is).*integrity= (google-analytics\\.com|fonts\\.googleapis\\.com|fonts\\.gstatic\\.com|googletagmanager\\.com) .*rel\\s*=\\s*[\'"]?preconnect.* href="... :// ..." href="//..." href=\'... :// ...\' href=\'//...\' src="... :// ..." src="//..." src=\'... :// ...\' src=\'//...\' <link  src="https://unpkg.com/heroicons@2.0.18/24/outline/esm/index.js" > <script  src="https://unpkg.com/heroicons@2.0.18/24/outline/esm/index.js" >...</script>', PosixPath('client/index.html'), 'config..semgrep.vendored-rules.html.security.audit.missing-integrity') match_id = f2ff74ef1dc438c1e77c09c985851545a9c29a5f991e18487e5a1faa8bffdfc5b08b735afc35099a7b3b441411b19fde073f53a3ce8deac85e9b28be37c919f5_0
2025-05-12 07:50:00,874 - semgrep.rule_match - DEBUG - match_key = ('', PosixPath('client/index.html'), 'config..semgrep.vendored-rules.html.security.audit.missing-integrity') match_id = 0ee74fd49637bebe183eca7188dbde26e386314e62cc2e7ba1ee60b377b638243fcd84e6c6fa04886198ccacfa6a711bfbcc61a28f9ddc913d5b3c53083cbc90_0
2025-05-12 07:50:00,874 - semgrep.rule_match - DEBUG - match_key = (' src="https://unpkg.com/heroicons@2.0.18/24/solid/esm/index.js" (?is).*integrity= (google-analytics\\.com|fonts\\.googleapis\\.com|fonts\\.gstatic\\.com|googletagmanager\\.com) .*rel\\s*=\\s*[\'"]?preconnect.* href="... :// ..." href="//..." href=\'... :// ...\' href=\'//...\' src="... :// ..." src="//..." src=\'... :// ...\' src=\'//...\' <link  src="https://unpkg.com/heroicons@2.0.18/24/solid/esm/index.js" > <script  src="https://unpkg.com/heroicons@2.0.18/24/solid/esm/index.js" >...</script>', PosixPath('client/index.html'), 'config..semgrep.vendored-rules.html.security.audit.missing-integrity') match_id = 4d61eeb0f32aaadaa18d73e4159c1546cf36d5f860a8f651b9bd703c1ecb069a8335b033627bfd6bb7648a380399984d4e4168b675125f006dc64b18c18f6d2c_0
2025-05-12 07:50:00,875 - semgrep.rule_match - DEBUG - match_key = (' src="https://unpkg.com/heroicons@2.0.18/24/solid/esm/index.js" (?is).*integrity= (google-analytics\\.com|fonts\\.googleapis\\.com|fonts\\.gstatic\\.com|googletagmanager\\.com) .*rel\\s*=\\s*[\'"]?preconnect.* href="... :// ..." href="//..." href=\'... :// ...\' href=\'//...\' src="... :// ..." src="//..." src=\'... :// ...\' src=\'//...\' <link  src="https://unpkg.com/heroicons@2.0.18/24/solid/esm/index.js" > <script  src="https://unpkg.com/heroicons@2.0.18/24/solid/esm/index.js" >...</script>', PosixPath('client/index.html'), 'config..semgrep.vendored-rules.html.security.audit.missing-integrity') match_id = 4d61eeb0f32aaadaa18d73e4159c1546cf36d5f860a8f651b9bd703c1ecb069a8335b033627bfd6bb7648a380399984d4e4168b675125f006dc64b18c18f6d2c_0
2025-05-12 07:50:00,875 - semgrep.rule_match - DEBUG - match_key = (' src="https://unpkg.com/heroicons@2.0.18/24/solid/esm/index.js" (?is).*integrity= (google-analytics\\.com|fonts\\.googleapis\\.com|fonts\\.gstatic\\.com|googletagmanager\\.com) .*rel\\s*=\\s*[\'"]?preconnect.* href="... :// ..." href="//..." href=\'... :// ...\' href=\'//...\' src="... :// ..." src="//..." src=\'... :// ...\' src=\'//...\' <link  src="https://unpkg.com/heroicons@2.0.18/24/solid/esm/index.js" > <script  src="https://unpkg.com/heroicons@2.0.18/24/solid/esm/index.js" >...</script>', PosixPath('client/index.html'), 'config..semgrep.vendored-rules.html.security.audit.missing-integrity') match_id = 4d61eeb0f32aaadaa18d73e4159c1546cf36d5f860a8f651b9bd703c1ecb069a8335b033627bfd6bb7648a380399984d4e4168b675125f006dc64b18c18f6d2c_0
2025-05-12 07:50:00,876 - semgrep.rule_match - DEBUG - match_key = ('', PosixPath('client/index.html'), 'config..semgrep.vendored-rules.html.security.audit.missing-integrity') match_id = 0ee74fd49637bebe183eca7188dbde26e386314e62cc2e7ba1ee60b377b638243fcd84e6c6fa04886198ccacfa6a711bfbcc61a28f9ddc913d5b3c53083cbc90_0
2025-05-12 07:50:00,876 - semgrep.rule_match - DEBUG - match_key = (' type="text/javascript" src="https://replit.com/public/js/replit-dev-banner.js" (?is).*integrity= (google-analytics\\.com|fonts\\.googleapis\\.com|fonts\\.gstatic\\.com|googletagmanager\\.com) .*rel\\s*=\\s*[\'"]?preconnect.* href="... :// ..." href="//..." href=\'... :// ...\' href=\'//...\' src="... :// ..." src="//..." src=\'... :// ...\' src=\'//...\' <link  type="text/javascript" src="https://replit.com/public/js/replit-dev-banner.js" > <script  type="text/javascript" src="https://replit.com/public/js/replit-dev-banner.js" >...</script>', PosixPath('client/index.html'), 'config..semgrep.vendored-rules.html.security.audit.missing-integrity') match_id = 0728b64e224596592d04447ba8a642ff94e1fb9fcc07be26d49dc7e7f6898e638ad16ffcaca086932c58f4c6400fe32603323afef02cf9bfebcb0e4a53562a40_0
2025-05-12 07:50:00,876 - semgrep.rule_match - DEBUG - match_key = (' type="text/javascript" src="https://replit.com/public/js/replit-dev-banner.js" (?is).*integrity= (google-analytics\\.com|fonts\\.googleapis\\.com|fonts\\.gstatic\\.com|googletagmanager\\.com) .*rel\\s*=\\s*[\'"]?preconnect.* href="... :// ..." href="//..." href=\'... :// ...\' href=\'//...\' src="... :// ..." src="//..." src=\'... :// ...\' src=\'//...\' <link  type="text/javascript" src="https://replit.com/public/js/replit-dev-banner.js" > <script  type="text/javascript" src="https://replit.com/public/js/replit-dev-banner.js" >...</script>', PosixPath('client/index.html'), 'config..semgrep.vendored-rules.html.security.audit.missing-integrity') match_id = 0728b64e224596592d04447ba8a642ff94e1fb9fcc07be26d49dc7e7f6898e638ad16ffcaca086932c58f4c6400fe32603323afef02cf9bfebcb0e4a53562a40_0
2025-05-12 07:50:00,877 - semgrep.rule_match - DEBUG - match_key = (' type="text/javascript" src="https://replit.com/public/js/replit-dev-banner.js" (?is).*integrity= (google-analytics\\.com|fonts\\.googleapis\\.com|fonts\\.gstatic\\.com|googletagmanager\\.com) .*rel\\s*=\\s*[\'"]?preconnect.* href="... :// ..." href="//..." href=\'... :// ...\' href=\'//...\' src="... :// ..." src="//..." src=\'... :// ...\' src=\'//...\' <link  type="text/javascript" src="https://replit.com/public/js/replit-dev-banner.js" > <script  type="text/javascript" src="https://replit.com/public/js/replit-dev-banner.js" >...</script>', PosixPath('client/index.html'), 'config..semgrep.vendored-rules.html.security.audit.missing-integrity') match_id = 0728b64e224596592d04447ba8a642ff94e1fb9fcc07be26d49dc7e7f6898e638ad16ffcaca086932c58f4c6400fe32603323afef02cf9bfebcb0e4a53562a40_0
2025-05-12 07:50:00,879 - semgrep.core_runner - DEBUG - semgrep ran in 0:00:04.828478 on 131 files
2025-05-12 07:50:00,881 - semgrep.core_runner - DEBUG - findings summary: 3 warning, 0 error, 0 info
2025-05-12 07:50:00,885 - semgrep.app.auth - DEBUG - Getting API token from settings file
2025-05-12 07:50:00,885 - semgrep.app.auth - DEBUG - No API token found in settings file
2025-05-12 07:50:00,885 - semgrep.semgrep_core - DEBUG - Failed to open resource semgrep-core-proprietary: [Errno 2] No such file or directory: '/tmp/_MEIsOHvRB/semgrep/bin/semgrep-core-proprietary'.
2025-05-12 07:50:00,997 - semgrep.output - VERBOSE - 
========================================
Files skipped:
========================================

  Always skipped by Opengrep:

   • <none>

  Skipped by .gitignore:
  (Disable by passing --no-git-ignore)

   • <all files not listed by `git ls-files` were skipped>

  Skipped by .semgrepignore:
  - https://semgrep.dev/docs/ignoring-files-folders-code/#understand-semgrep-defaults

   • <none>

  Skipped by --include patterns:

   • <none>

  Skipped by --exclude patterns:

   • <none>

  Files skipped due to insufficient read permissions:

   • <none>

  Skipped by limiting to files smaller than 1000000 bytes:
  (Adjust with the --max-target-bytes flag)

   • attached_assets/screenshot-1746537866336.png

  Partially analyzed due to parsing or internal Opengrep errors

   • tailwind.config.ts (1 lines skipped)

2025-05-12 07:50:00,998 - semgrep.output - INFO - Some files were skipped or only partially analyzed.
  Scan was limited to files tracked by git.
  Partially scanned: 1 files only partially analyzed due to parsing or internal Opengrep errors
  Scan skipped: 1 files larger than 1.0 MB
  For a full list of skipped files, run opengrep with the --verbose flag.

Ran 443 rules on 131 files: 3 findings.
2025-05-12 07:50:00,998 - semgrep.app.version - DEBUG - Version cache does not exist
2025-05-12 07:50:01,020 - semgrep.metrics - VERBOSE - Not sending pseudonymous metrics since metrics are configured to OFF and registry usage is False
